<?xml version='1.0'?>
<ns2:test-suite xmlns:ns2='urn:model.allure.qatools.yandex.ru' start='1662516691073' stop='1662516691082'>
    <name>Apple wikipedia: Verify user can sign in</name>
    <title>Apple wikipedia: Verify user can sign in</title>
    <test-cases>
        <test-case start='1662516691073' status='passed' stop='1662516691074'>
            <name></name>
            <title></title>
            <labels>
                <label name='language' value='javascript'/>
                <label name='framework' value='wdio'/>
                <label name='thread' value='0-3'/>
            </labels>
            <parameters>
                <parameter kind='argument' name='browser' value='chrome-105.0.5195.102'/>
            </parameters>
            <steps/>
            <attachments/>
        </test-case>
        <test-case start='1662516691074' status='pending' stop='1662516691080'>
            <name>When I type "gawrgura" in username</name>
            <title>When I type "gawrgura" in username</title>
            <labels>
                <label name='language' value='javascript'/>
                <label name='framework' value='wdio'/>
                <label name='thread' value='0-3'/>
            </labels>
            <parameters>
                <parameter kind='argument' name='browser' value='chrome-105.0.5195.102'/>
            </parameters>
            <steps/>
            <attachments/>
        </test-case>
        <test-case start='1662516691080' status='pending' stop='1662516691080'>
            <name>When I type "opiumfarmer23" in password</name>
            <title>When I type "opiumfarmer23" in password</title>
            <labels>
                <label name='language' value='javascript'/>
                <label name='framework' value='wdio'/>
                <label name='thread' value='0-3'/>
            </labels>
            <parameters>
                <parameter kind='argument' name='browser' value='chrome-105.0.5195.102'/>
            </parameters>
            <steps/>
            <attachments/>
        </test-case>
        <test-case start='1662516691080' status='broken' stop='1662516691081'>
            <name>When I type "gibbyOnLean9000" in confirm password</name>
            <title>When I type "gibbyOnLean9000" in confirm password</title>
            <labels>
                <label name='language' value='javascript'/>
                <label name='framework' value='wdio'/>
                <label name='thread' value='0-3'/>
            </labels>
            <parameters>
                <parameter kind='argument' name='browser' value='chrome-105.0.5195.102'/>
            </parameters>
            <steps/>
            <attachments/>
            <failure>
                <message>Step "I type "gibbyOnLean9000" in confirm password" is not defined. You can ignore this error by setting cucumberOpts.ignoreUndefinedDefinitions as true.</message>
                <stack-trace>Step "I type "gibbyOnLean9000" in confirm password" is not defined. You can ignore this error by setting cucumberOpts.ignoreUndefinedDefinitions as true.
                	at Feature(C:\Users\tobuw\Documents\git\Js-Summer-Cucumber-2022\features\TestPracticeFeature\appleWikipedia.feature):1:1
                	at Scenario(Verify user can sign in):18:5
                	at Step(I type "&lt;confirmPassword>" in confirm password):21:9
                </stack-trace>
            </failure>
        </test-case>
        <test-case start='1662516691081' status='broken' stop='1662516691081'>
            <name>When I type "MORBIUSclout" in email address</name>
            <title>When I type "MORBIUSclout" in email address</title>
            <labels>
                <label name='language' value='javascript'/>
                <label name='framework' value='wdio'/>
                <label name='thread' value='0-3'/>
            </labels>
            <parameters>
                <parameter kind='argument' name='browser' value='chrome-105.0.5195.102'/>
            </parameters>
            <steps/>
            <attachments/>
            <failure>
                <message>Step "I type "MORBIUSclout" in email address" is not defined. You can ignore this error by setting cucumberOpts.ignoreUndefinedDefinitions as true.</message>
                <stack-trace>Step "I type "MORBIUSclout" in email address" is not defined. You can ignore this error by setting cucumberOpts.ignoreUndefinedDefinitions as true.
                	at Feature(C:\Users\tobuw\Documents\git\Js-Summer-Cucumber-2022\features\TestPracticeFeature\appleWikipedia.feature):1:1
                	at Scenario(Verify user can sign in):18:5
                	at Step(I type "&lt;email>" in email address):22:9
                </stack-trace>
            </failure>
        </test-case>
        <test-case start='1662516691081' status='passed' stop='1662516691081'>
            <name></name>
            <title></title>
            <labels>
                <label name='language' value='javascript'/>
                <label name='framework' value='wdio'/>
                <label name='thread' value='0-3'/>
            </labels>
            <parameters>
                <parameter kind='argument' name='browser' value='chrome-105.0.5195.102'/>
            </parameters>
            <steps/>
            <attachments/>
        </test-case>
    </test-cases>
</ns2:test-suite>