<?xml version='1.0'?>
<ns2:test-suite xmlns:ns2='urn:model.allure.qatools.yandex.ru' start='1662591819101' stop='1662591823710'>
    <name>Test: Hotels</name>
    <title>Test: Hotels</title>
    <test-cases>
        <test-case start='1662591819102' status='passed' stop='1662591819103'>
            <name></name>
            <title></title>
            <labels>
                <label name='language' value='javascript'/>
                <label name='framework' value='wdio'/>
                <label name='thread' value='0-5'/>
            </labels>
            <parameters>
                <parameter kind='argument' name='browser' value='chrome-105.0.5195.102'/>
            </parameters>
            <steps/>
            <attachments/>
        </test-case>
        <test-case start='1662591819103' status='passed' stop='1662591821540'>
            <name>Given I am on hotels landing page</name>
            <title>Given I am on hotels landing page</title>
            <labels>
                <label name='language' value='javascript'/>
                <label name='framework' value='wdio'/>
                <label name='thread' value='0-5'/>
            </labels>
            <parameters>
                <parameter kind='argument' name='browser' value='chrome-105.0.5195.102'/>
            </parameters>
            <steps>
                <step start='1662591819105' status='passed' stop='1662591821539'>
                    <name>POST /session/:sessionId/url</name>
                    <title>POST /session/:sessionId/url</title>
                    <attachments>
                        <attachment title='Request' source='15e5d4eb-ad33-4cec-ab2f-aa46c8c00612-attachment.json' type='application/json' size='38'/>
                    </attachments>
                    <steps/>
                </step>
            </steps>
            <attachments/>
        </test-case>
        <test-case start='1662591821540' status='passed' stop='1662591823700'>
            <name>And I click on hotels rewards</name>
            <title>And I click on hotels rewards</title>
            <labels>
                <label name='language' value='javascript'/>
                <label name='framework' value='wdio'/>
                <label name='thread' value='0-5'/>
            </labels>
            <parameters>
                <parameter kind='argument' name='browser' value='chrome-105.0.5195.102'/>
            </parameters>
            <steps>
                <step start='1662591821541' status='passed' stop='1662591821583'>
                    <name>POST /session/:sessionId/element</name>
                    <title>POST /session/:sessionId/element</title>
                    <attachments>
                        <attachment title='Request' source='ccf497c9-5db5-44e5-8b39-1f8acedb5b61-attachment.json' type='application/json' size='81'/>
                        <attachment title='Response' source='db73531c-ec9e-4978-851c-ccf62a75a462-attachment.json' type='application/json' size='83'/>
                    </attachments>
                    <steps/>
                </step>
                <step start='1662591821587' status='passed' stop='1662591821685'>
                    <name>POST /session/:sessionId/element/0c74458a-c974-45e0-84cf-5bb994a9083e/click</name>
                    <title>POST /session/:sessionId/element/0c74458a-c974-45e0-84cf-5bb994a9083e/click</title>
                    <attachments/>
                    <steps/>
                </step>
            </steps>
            <attachments/>
        </test-case>
        <test-case start='1662591823700' status='failed' stop='1662591823709'>
            <name>Then I verify hotels rewards opens in a new window</name>
            <title>Then I verify hotels rewards opens in a new window</title>
            <labels>
                <label name='language' value='javascript'/>
                <label name='framework' value='wdio'/>
                <label name='thread' value='0-5'/>
            </labels>
            <parameters>
                <parameter kind='argument' name='browser' value='chrome-105.0.5195.102'/>
            </parameters>
            <steps>
                <step start='1662591823701' status='passed' stop='1662591823706'>
                    <name>GET /session/:sessionId/window/handles</name>
                    <title>GET /session/:sessionId/window/handles</title>
                    <attachments>
                        <attachment title='Response' source='8183eec1-5705-4f0e-b624-496de4a1b1ce-attachment.json' type='application/json' size='96'/>
                    </attachments>
                    <steps/>
                </step>
            </steps>
            <attachments/>
            <failure>
                <message>AssertionError: New window did not open: expected undefined to be true</message>
                <stack-trace>AssertionError: New window did not open: expected undefined to be true
                    at World.&lt;anonymous> (C:\Users\tobuw\Documents\git\Js-Summer-Cucumber-2022\step-definitions\TestPracticeSD\TestSD.js:27:87)
                    at processTicksAndRejections (node:internal/process/task_queues:96:5)</stack-trace>
            </failure>
        </test-case>
        <test-case start='1662591823709' status='passed' stop='1662591823710'>
            <name></name>
            <title></title>
            <labels>
                <label name='language' value='javascript'/>
                <label name='framework' value='wdio'/>
                <label name='thread' value='0-5'/>
            </labels>
            <parameters>
                <parameter kind='argument' name='browser' value='chrome-105.0.5195.102'/>
            </parameters>
            <steps/>
            <attachments/>
        </test-case>
    </test-cases>
</ns2:test-suite>