<?xml version='1.0'?>
<ns2:test-suite xmlns:ns2='urn:model.allure.qatools.yandex.ru' start='1662177800177' stop='1662177805179'>
    <name>Homework 6: Verify past dates of the current month is not enabled</name>
    <title>Homework 6: Verify past dates of the current month is not enabled</title>
    <test-cases>
        <test-case start='1662177800178' status='passed' stop='1662177800179'>
            <name></name>
            <title></title>
            <labels>
                <label name='language' value='javascript'/>
                <label name='framework' value='wdio'/>
                <label name='thread' value='0-2'/>
            </labels>
            <parameters>
                <parameter kind='argument' name='browser' value='chrome-105.0.5195.53'/>
            </parameters>
            <steps/>
            <attachments/>
        </test-case>
        <test-case start='1662177800179' status='passed' stop='1662177803047'>
            <name>Given I am on hotels landing page</name>
            <title>Given I am on hotels landing page</title>
            <labels>
                <label name='language' value='javascript'/>
                <label name='framework' value='wdio'/>
                <label name='thread' value='0-2'/>
            </labels>
            <parameters>
                <parameter kind='argument' name='browser' value='chrome-105.0.5195.53'/>
            </parameters>
            <steps>
                <step start='1662177800181' status='passed' stop='1662177803046'>
                    <name>POST /session/:sessionId/url</name>
                    <title>POST /session/:sessionId/url</title>
                    <attachments>
                        <attachment title='Request' source='84ab3aef-7986-487b-99c5-6c0dfd384e15-attachment.json' type='application/json' size='38'/>
                    </attachments>
                    <steps/>
                </step>
            </steps>
            <attachments/>
        </test-case>
        <test-case start='1662177803047' status='passed' stop='1662177805137'>
            <name>When I click on date form</name>
            <title>When I click on date form</title>
            <labels>
                <label name='language' value='javascript'/>
                <label name='framework' value='wdio'/>
                <label name='thread' value='0-2'/>
            </labels>
            <parameters>
                <parameter kind='argument' name='browser' value='chrome-105.0.5195.53'/>
            </parameters>
            <steps>
                <step start='1662177803049' status='passed' stop='1662177803060'>
                    <name>POST /session/:sessionId/element</name>
                    <title>POST /session/:sessionId/element</title>
                    <attachments>
                        <attachment title='Request' source='1a514168-d105-44d8-ac99-e8c8ddd4e0e7-attachment.json' type='application/json' size='64'/>
                        <attachment title='Response' source='b893d600-d446-48d6-bfe2-6d7070f35abf-attachment.json' type='application/json' size='83'/>
                    </attachments>
                    <steps/>
                </step>
                <step start='1662177803065' status='passed' stop='1662177803133'>
                    <name>POST /session/:sessionId/element/de1ea4fe-580b-4d50-a1af-eccb6b30dd6b/click</name>
                    <title>POST /session/:sessionId/element/de1ea4fe-580b-4d50-a1af-eccb6b30dd6b/click</title>
                    <attachments/>
                    <steps/>
                </step>
            </steps>
            <attachments/>
        </test-case>
        <test-case start='1662177805137' status='failed' stop='1662177805178'>
            <name>Then I verify that past dates of current month is not enabled</name>
            <title>Then I verify that past dates of current month is not enabled</title>
            <labels>
                <label name='language' value='javascript'/>
                <label name='framework' value='wdio'/>
                <label name='thread' value='0-2'/>
            </labels>
            <parameters>
                <parameter kind='argument' name='browser' value='chrome-105.0.5195.53'/>
            </parameters>
            <steps>
                <step start='1662177805141' status='passed' stop='1662177805157'>
                    <name>POST /session/:sessionId/element</name>
                    <title>POST /session/:sessionId/element</title>
                    <attachments>
                        <attachment title='Request' source='902df21a-e973-4d8e-aa2d-e9c322358421-attachment.json' type='application/json' size='119'/>
                        <attachment title='Response' source='207c0cb4-84dc-4010-915d-d1ca6e68706b-attachment.json' type='application/json' size='83'/>
                    </attachments>
                    <steps/>
                </step>
                <step start='1662177805163' status='passed' stop='1662177805174'>
                    <name>GET /session/:sessionId/element/ee57bac1-2a05-4714-884d-41ce68730cd4/enabled</name>
                    <title>GET /session/:sessionId/element/ee57bac1-2a05-4714-884d-41ce68730cd4/enabled</title>
                    <attachments>
                        <attachment title='Response' source='385ba401-1d0f-4feb-9dc6-e448a252b434-attachment.json' type='application/json' size='4'/>
                    </attachments>
                    <steps/>
                </step>
            </steps>
            <attachments/>
            <failure>
                <message>AssertionError: it is enabled: expected true to be false</message>
                <stack-trace>AssertionError: it is enabled: expected true to be false
                    + expected - actual
                
                    -true
                    +false
                
                    at World.&lt;anonymous> (C:\Users\tobuw\Documents\git\Js-Summer-Cucumber-2022\step-definitions\Hotels\homework6SD.js:48:71)
                    at processTicksAndRejections (node:internal/process/task_queues:96:5)</stack-trace>
            </failure>
        </test-case>
        <test-case start='1662177805178' status='passed' stop='1662177805178'>
            <name></name>
            <title></title>
            <labels>
                <label name='language' value='javascript'/>
                <label name='framework' value='wdio'/>
                <label name='thread' value='0-2'/>
            </labels>
            <parameters>
                <parameter kind='argument' name='browser' value='chrome-105.0.5195.53'/>
            </parameters>
            <steps/>
            <attachments/>
        </test-case>
    </test-cases>
</ns2:test-suite>