<?xml version='1.0'?>
<ns2:test-suite xmlns:ns2='urn:model.allure.qatools.yandex.ru' start='1662494643501' stop='1662494648244'>
    <name>Cool Math Games: Verify coolMathGamesDisplays all 26 options after typing ace in search</name>
    <title>Cool Math Games: Verify coolMathGamesDisplays all 26 options after typing ace in search</title>
    <test-cases>
        <test-case start='1662494643502' status='passed' stop='1662494643503'>
            <name></name>
            <title></title>
            <labels>
                <label name='language' value='javascript'/>
                <label name='framework' value='wdio'/>
                <label name='thread' value='0-3'/>
            </labels>
            <parameters>
                <parameter kind='argument' name='browser' value='chrome-105.0.5195.102'/>
            </parameters>
            <steps/>
            <attachments/>
        </test-case>
        <test-case start='1662494643503' status='passed' stop='1662494646062'>
            <name>Given I am on cool math games</name>
            <title>Given I am on cool math games</title>
            <labels>
                <label name='language' value='javascript'/>
                <label name='framework' value='wdio'/>
                <label name='thread' value='0-3'/>
            </labels>
            <parameters>
                <parameter kind='argument' name='browser' value='chrome-105.0.5195.102'/>
            </parameters>
            <steps>
                <step start='1662494643505' status='passed' stop='1662494643927'>
                    <name>POST /session/:sessionId/url</name>
                    <title>POST /session/:sessionId/url</title>
                    <attachments>
                        <attachment title='Request' source='a7d76e1e-865e-4ef7-a0df-ec004373f921-attachment.json' type='application/json' size='45'/>
                    </attachments>
                    <steps/>
                </step>
                <step start='1662494643928' status='passed' stop='1662494644050'>
                    <name>POST /session/:sessionId/window/rect</name>
                    <title>POST /session/:sessionId/window/rect</title>
                    <attachments>
                        <attachment title='Request' source='df470668-a100-438b-913f-578607ce2e68-attachment.json' type='application/json' size='63'/>
                        <attachment title='Response' source='ec45b79e-e9ee-4c84-bfc5-32a018fd67a9-attachment.json' type='application/json' size='59'/>
                    </attachments>
                    <steps/>
                </step>
            </steps>
            <attachments/>
        </test-case>
        <test-case start='1662494646062' status='passed' stop='1662494646131'>
            <name>When I click on search button</name>
            <title>When I click on search button</title>
            <labels>
                <label name='language' value='javascript'/>
                <label name='framework' value='wdio'/>
                <label name='thread' value='0-3'/>
            </labels>
            <parameters>
                <parameter kind='argument' name='browser' value='chrome-105.0.5195.102'/>
            </parameters>
            <steps>
                <step start='1662494646063' status='passed' stop='1662494646077'>
                    <name>POST /session/:sessionId/element</name>
                    <title>POST /session/:sessionId/element</title>
                    <attachments>
                        <attachment title='Request' source='73ce5f4a-abd8-4d37-a47b-3764b4878b6c-attachment.json' type='application/json' size='97'/>
                        <attachment title='Response' source='5099e7ea-dae1-4bd1-9258-08838ab75123-attachment.json' type='application/json' size='83'/>
                    </attachments>
                    <steps/>
                </step>
                <step start='1662494646082' status='passed' stop='1662494646131'>
                    <name>POST /session/:sessionId/element/a16f54c4-6855-45e6-9f11-ecfbadf83fbf/click</name>
                    <title>POST /session/:sessionId/element/a16f54c4-6855-45e6-9f11-ecfbadf83fbf/click</title>
                    <attachments/>
                    <steps/>
                </step>
            </steps>
            <attachments/>
        </test-case>
        <test-case start='1662494646131' status='passed' stop='1662494648236'>
            <name>When I type "ace" in search bar</name>
            <title>When I type "ace" in search bar</title>
            <labels>
                <label name='language' value='javascript'/>
                <label name='framework' value='wdio'/>
                <label name='thread' value='0-3'/>
            </labels>
            <parameters>
                <parameter kind='argument' name='browser' value='chrome-105.0.5195.102'/>
            </parameters>
            <steps>
                <step start='1662494646133' status='passed' stop='1662494646165'>
                    <name>POST /session/:sessionId/element</name>
                    <title>POST /session/:sessionId/element</title>
                    <attachments>
                        <attachment title='Request' source='2b2f21b5-f78b-41e2-9a9b-03b9428d13dc-attachment.json' type='application/json' size='93'/>
                        <attachment title='Response' source='128d0897-cedd-44f7-a8a5-560da30585fc-attachment.json' type='application/json' size='83'/>
                    </attachments>
                    <steps/>
                </step>
                <step start='1662494646169' status='passed' stop='1662494646191'>
                    <name>POST /session/:sessionId/element/910acc91-c3c1-498b-a740-05122c637667/clear</name>
                    <title>POST /session/:sessionId/element/910acc91-c3c1-498b-a740-05122c637667/clear</title>
                    <attachments/>
                    <steps/>
                </step>
                <step start='1662494646194' status='passed' stop='1662494646229'>
                    <name>POST /session/:sessionId/element/910acc91-c3c1-498b-a740-05122c637667/value</name>
                    <title>POST /session/:sessionId/element/910acc91-c3c1-498b-a740-05122c637667/value</title>
                    <attachments>
                        <attachment title='Request' source='d73364e6-ad84-4ce7-a9c7-07c1bd1b9136-attachment.json' type='application/json' size='19'/>
                    </attachments>
                    <steps/>
                </step>
            </steps>
            <attachments/>
        </test-case>
        <test-case start='1662494648236' status='failed' stop='1662494648243'>
            <name>When I verify 26 options are available</name>
            <title>When I verify 26 options are available</title>
            <labels>
                <label name='language' value='javascript'/>
                <label name='framework' value='wdio'/>
                <label name='thread' value='0-3'/>
            </labels>
            <parameters>
                <parameter kind='argument' name='browser' value='chrome-105.0.5195.102'/>
            </parameters>
            <steps>
                <step start='1662494648239' status='failed' stop='1662494648243'>
                    <name>POST /session/:sessionId/elements</name>
                    <title>POST /session/:sessionId/elements</title>
                    <attachments>
                        <attachment title='Request' source='c104682d-e718-43a0-b300-ad62800b5a79-attachment.json' type='application/json' size='124'/>
                    </attachments>
                    <steps/>
                </step>
            </steps>
            <attachments/>
            <failure>
                <message>AssertionError: 26 options are not verified: expected undefined to be true</message>
                <stack-trace>AssertionError: 26 options are not verified: expected undefined to be true
                    at World.&lt;anonymous> (C:\Users\tobuw\Documents\git\Js-Summer-Cucumber-2022\step-definitions\TestPracticeSD\coolMathGamesSD.js:22:78)</stack-trace>
            </failure>
        </test-case>
        <test-case start='1662494648243' status='passed' stop='1662494648243'>
            <name></name>
            <title></title>
            <labels>
                <label name='language' value='javascript'/>
                <label name='framework' value='wdio'/>
                <label name='thread' value='0-3'/>
            </labels>
            <parameters>
                <parameter kind='argument' name='browser' value='chrome-105.0.5195.102'/>
            </parameters>
            <steps/>
            <attachments/>
        </test-case>
    </test-cases>
</ns2:test-suite>