<?xml version='1.0'?>
<ns2:test-suite xmlns:ns2='urn:model.allure.qatools.yandex.ru' start='1662600764384' stop='1662600769344'>
    <name>Test3: Darksky2</name>
    <title>Test3: Darksky2</title>
    <test-cases>
        <test-case start='1662600764384' status='passed' stop='1662600764386'>
            <name></name>
            <title></title>
            <labels>
                <label name='language' value='javascript'/>
                <label name='framework' value='wdio'/>
                <label name='thread' value='0-7'/>
            </labels>
            <parameters>
                <parameter kind='argument' name='browser' value='chrome-105.0.5195.102'/>
            </parameters>
            <steps/>
            <attachments/>
        </test-case>
        <test-case start='1662600764386' status='passed' stop='1662600765233'>
            <name>Given I am on darksky landing page</name>
            <title>Given I am on darksky landing page</title>
            <labels>
                <label name='language' value='javascript'/>
                <label name='framework' value='wdio'/>
                <label name='thread' value='0-7'/>
            </labels>
            <parameters>
                <parameter kind='argument' name='browser' value='chrome-105.0.5195.102'/>
            </parameters>
            <steps>
                <step start='1662600764388' status='passed' stop='1662600765232'>
                    <name>POST /session/:sessionId/url</name>
                    <title>POST /session/:sessionId/url</title>
                    <attachments>
                        <attachment title='Request' source='d05d06db-a827-4e2c-8e8c-09fe61158d13-attachment.json' type='application/json' size='39'/>
                    </attachments>
                    <steps/>
                </step>
            </steps>
            <attachments/>
        </test-case>
        <test-case start='1662600765233' status='passed' stop='1662600767278'>
            <name>When I scroll to today timeline</name>
            <title>When I scroll to today timeline</title>
            <labels>
                <label name='language' value='javascript'/>
                <label name='framework' value='wdio'/>
                <label name='thread' value='0-7'/>
            </labels>
            <parameters>
                <parameter kind='argument' name='browser' value='chrome-105.0.5195.102'/>
            </parameters>
            <steps>
                <step start='1662600765235' status='passed' stop='1662600765249'>
                    <name>POST /session/:sessionId/element</name>
                    <title>POST /session/:sessionId/element</title>
                    <attachments>
                        <attachment title='Request' source='8eac9798-ceb8-44dc-a890-1bb8ab582a73-attachment.json' type='application/json' size='71'/>
                        <attachment title='Response' source='78053aaa-453d-4b4a-b084-6e3b217ab809-attachment.json' type='application/json' size='83'/>
                    </attachments>
                    <steps/>
                </step>
                <step start='1662600765255' status='passed' stop='1662600765263'>
                    <name>POST /session/:sessionId/execute/sync</name>
                    <title>POST /session/:sessionId/execute/sync</title>
                    <attachments>
                        <attachment title='Request' source='599de714-d7f2-4ca0-aa38-14890b8a90a7-attachment.json' type='application/json' size='302'/>
                    </attachments>
                    <steps/>
                </step>
            </steps>
            <attachments/>
        </test-case>
        <test-case start='1662600767278' status='passed' stop='1662600769333'>
            <name>And I click on plus button</name>
            <title>And I click on plus button</title>
            <labels>
                <label name='language' value='javascript'/>
                <label name='framework' value='wdio'/>
                <label name='thread' value='0-7'/>
            </labels>
            <parameters>
                <parameter kind='argument' name='browser' value='chrome-105.0.5195.102'/>
            </parameters>
            <steps>
                <step start='1662600767279' status='passed' stop='1662600767291'>
                    <name>POST /session/:sessionId/element</name>
                    <title>POST /session/:sessionId/element</title>
                    <attachments>
                        <attachment title='Request' source='98b026e7-5935-45c7-8cfe-740b85bec924-attachment.json' type='application/json' size='57'/>
                        <attachment title='Response' source='f435a407-81a2-466d-ad27-30459cd48159-attachment.json' type='application/json' size='83'/>
                    </attachments>
                    <steps/>
                </step>
                <step start='1662600767293' status='passed' stop='1662600767323'>
                    <name>POST /session/:sessionId/element/f834ab26-4808-455c-9f7e-ee717dcee544/click</name>
                    <title>POST /session/:sessionId/element/f834ab26-4808-455c-9f7e-ee717dcee544/click</title>
                    <attachments/>
                    <steps/>
                </step>
            </steps>
            <attachments/>
        </test-case>
        <test-case start='1662600769333' status='failed' stop='1662600769342'>
            <name>Then I verify minTemp and todayMinTemp are the same</name>
            <title>Then I verify minTemp and todayMinTemp are the same</title>
            <labels>
                <label name='language' value='javascript'/>
                <label name='framework' value='wdio'/>
                <label name='thread' value='0-7'/>
            </labels>
            <parameters>
                <parameter kind='argument' name='browser' value='chrome-105.0.5195.102'/>
            </parameters>
            <steps>
                <step start='1662600769335' status='failed' stop='1662600769342'>
                    <name>POST /session/:sessionId/element</name>
                    <title>POST /session/:sessionId/element</title>
                    <attachments>
                        <attachment title='Request' source='11eb6cd2-b1eb-429e-a399-9505ee3d0a27-attachment.json' type='application/json' size='129'/>
                    </attachments>
                    <steps>
                        <step start='1662600769337' status='failed' stop='1662600769342'>
                            <name>POST /session/:sessionId/element</name>
                            <title>POST /session/:sessionId/element</title>
                            <attachments>
                                <attachment title='Request' source='45753bda-10dc-4a8e-a6f9-43f868cce2ee-attachment.json' type='application/json' size='83'/>
                            </attachments>
                            <steps/>
                        </step>
                    </steps>
                </step>
            </steps>
            <attachments/>
            <failure>
                <message>AssertionError: not same: expected Promise{…} to equal Promise{…}</message>
                <stack-trace>AssertionError: not same: expected Promise{…} to equal Promise{…}
                    + expected - actual
                
                
                    at World.&lt;anonymous> (C:\Users\tobuw\Documents\git\Js-Summer-Cucumber-2022\step-definitions\TestPracticeSD\TestSD3.js:15:54)
                    at World.executeAsync (C:\Users\tobuw\Documents\git\Js-Summer-Cucumber-2022\node_modules\@wdio\utils\build\shim.js:333:27)
                    at World.testFrameworkFnWrapper (C:\Users\tobuw\Documents\git\Js-Summer-Cucumber-2022\node_modules\@wdio\utils\build\test-framework\testFnWrapper.js:51:32)
                    at async wrapPromiseWithTimeout (C:\Users\tobuw\Documents\git\Js-Summer-Cucumber-2022\node_modules\@cucumber\cucumber\lib\time.js:67:12)
                    at async Object.run (C:\Users\tobuw\Documents\git\Js-Summer-Cucumber-2022\node_modules\@cucumber\cucumber\lib\user_code_runner.js:64:22)
                    at async Object.run (C:\Users\tobuw\Documents\git\Js-Summer-Cucumber-2022\node_modules\@cucumber\cucumber\lib\runtime\step_runner.js:52:26)
                    at async TestCaseRunner.invokeStep (C:\Users\tobuw\Documents\git\Js-Summer-Cucumber-2022\node_modules\@cucumber\cucumber\lib\runtime\test_case_runner.js:93:16)
                    at async TestCaseRunner.runStep (C:\Users\tobuw\Documents\git\Js-Summer-Cucumber-2022\node_modules\@cucumber\cucumber\lib\runtime\test_case_runner.js:237:26)
                    at async C:\Users\tobuw\Documents\git\Js-Summer-Cucumber-2022\node_modules\@cucumber\cucumber\lib\runtime\test_case_runner.js:163:48
                    at async TestCaseRunner.aroundTestStep (C:\Users\tobuw\Documents\git\Js-Summer-Cucumber-2022\node_modules\@cucumber\cucumber\lib\runtime\test_case_runner.js:117:32)</stack-trace>
            </failure>
        </test-case>
        <test-case start='1662600769343' status='pending' stop='1662600769343'>
            <name>Then I verify maxTemp and todayMaxTemp are the same</name>
            <title>Then I verify maxTemp and todayMaxTemp are the same</title>
            <labels>
                <label name='language' value='javascript'/>
                <label name='framework' value='wdio'/>
                <label name='thread' value='0-7'/>
            </labels>
            <parameters>
                <parameter kind='argument' name='browser' value='chrome-105.0.5195.102'/>
            </parameters>
            <steps/>
            <attachments/>
        </test-case>
        <test-case start='1662600769343' status='passed' stop='1662600769344'>
            <name></name>
            <title></title>
            <labels>
                <label name='language' value='javascript'/>
                <label name='framework' value='wdio'/>
                <label name='thread' value='0-7'/>
            </labels>
            <parameters>
                <parameter kind='argument' name='browser' value='chrome-105.0.5195.102'/>
            </parameters>
            <steps/>
            <attachments/>
        </test-case>
    </test-cases>
</ns2:test-suite>